<?xml version='1.0' encoding='UTF-8' ?>
<testsuite name="com.example.dogglers.GridListTests" tests="1" failures="1" errors="0" skipped="0" time="2.497" timestamp="2022-09-19T20:37:31" hostname="localhost">
  <properties>
    <property name="device" value="New_Device_API_30(AVD) - 11" />
    <property name="flavor" value="" />
    <property name="project" value=":app" />
  </properties>
  <testcase name="recycler_view_item_count" classname="com.example.dogglers.GridListTests" time="1.812">
    <failure></failure>
  </testcase>
</testsuite>